Uncaught exception from user code:
	Must pass a reaction label to reaction_number()
	 at tagged_Ox_allocation.pl line 121.
	KPP::reaction_number('KPP=HASH(0x1fffed0)', undef) called at tagged_Ox_allocation.pl line 121
Uncaught exception from user code:
	Must pass a reaction label to reaction_number()
	 at tagged_Ox_allocation.pl line 122.
	KPP::reaction_number('KPP=HASH(0x2907108)', undef) called at tagged_Ox_allocation.pl line 122
GR05 : DIME35EB
GR05 : EBENZ
GR05 : IPBENZ
GR05 : METHTOL
GR05 : MXYL
GR05 : OXYL
GR05 : PBENZ
GR05 : PETHTOL
GR05 : PXYL
GR05 : STYRENE
GR05 : TM123B
GR05 : TM124B
GR05 : TM135B
GR05 : TOLUENE
UK08 : BUOX2ETOH
UK08 : CH3OCH3
UK08 : DIME35EB
UK08 : EBENZ
UK08 : EOX2EOL
UK08 : ETHACET
UK08 : IPBENZ
UK08 : IPROACET
UK08 : METHTOL
UK08 : MO2EOL
UK08 : MXYL
UK08 : NBUTACET
UK08 : NPROACET
UK08 : OXYL
UK08 : PBENZ
UK08 : PETHTOL
UK08 : PR2OHMOX
UK08 : PXYL
UK08 : STYRENE
UK08 : TM123B
UK08 : TM124B
UK08 : TM135B
UK08 : TOLUENE
TNO : BUOX2ETOH
TNO : CH3COCH3
TNO : CH3OCH3
TNO : CYHEXONE
TNO : DIME35EB
TNO : EBENZ
TNO : EOX2EOL
TNO : ETHACET
TNO : IPBENZ
TNO : IPROACET
TNO : MEK
TNO : METHTOL
TNO : MIBK
TNO : MO2EOL
TNO : MXYL
TNO : NBUTACET
TNO : NPROACET
TNO : OXYL
TNO : PBENZ
TNO : PETHTOL
TNO : PR2OHMOX
TNO : PXYL
TNO : STYRENE
TNO : TM123B
TNO : TM124B
TNO : TM135B
TNO : TOLUENE
UK98 : BUOX2ETOH
UK98 : CH3COCH3
UK98 : CH3OCH3
UK98 : CYHEXONE
UK98 : DIME35EB
UK98 : EBENZ
UK98 : EOX2EOL
UK98 : ETHACET
UK98 : IPBENZ
UK98 : IPROACET
UK98 : M2PE
UK98 : M3PE
UK98 : MEK
UK98 : METHTOL
UK98 : MIBK
UK98 : MO2EOL
UK98 : MXYL
UK98 : NBUTACET
UK98 : NC10H22
UK98 : NC11H24
UK98 : NC6H14
UK98 : NC7H16
UK98 : NC8H18
UK98 : NC9H20
UK98 : NPROACET
UK98 : OXYL
UK98 : PBENZ
UK98 : PETHTOL
UK98 : PR2OHMOX
UK98 : PXYL
UK98 : STYRENE
UK98 : TM123B
BUOX2ETOH : 4211999232
BUT2OL : 7667998720
C2H5OH : 145152000000
C3H8 : 20325597184
C6H5CH2OH : 1972080384
CH2CL2 : 2894400000
CH3CCL3 : 2026080000
CH3COCH3 : 24624005120
CH3OCH3 : 429840000
CH3OH : 141911982080
CHEX : 4730398720
CYHEXONE : 585360000
DIME35EB : 6803998720
EBENZ : 5421598720
EOX2EOL : 440640000
ETHACET : 27863996416
ETHGLY : 29591996416
IBUTOL : 4795199488
IC4H10 : 3434399232
IPBENZ : 4406400000
IPROACET : 6890398720
IPROPOL : 18921594880
LIMONENE : 2700000256
M2HEX : 2980800000
M2PE : 4622399488
M3HEX : 2980800000
M3PE : 4622399488
MEK : 11944801280
METHTOL : 1198799872
MIBK : 7171200000
MIBKAOH : 2440800256
MXYL : 14471997440
NBUTACET : 19547998208
NBUTOL : 11512799232
NC10H22 : 40607989760
NC11H24 : 16567198720
NC12H26 : 2527200256
NC4H10 : 75383996416
NC6H14 : 22031994880
NC7H16 : 7948800000
NC8H18 : 870480000
NC9H20 : 20952000512
NPROACET : 2570399744
NPROPOL : 11836801024
OXYL : 3628800000
PBENZ : 1198799872
PETHTOL : 399600000
PR2OHMOX : 879120000
PROPGLY : 59183992832
PXYL : 3628800000
STYRENE : 1384560128
TCE : 1110240000
TM123B : 1998000384
TM124B : 6803998720
TM135B : 1998000384
TOLUENE : 27215994880
TRICLETH : 4579200000
C2H4 : 5464801280
C2H5OH : 224640040960
C2H6 : 9266401280
C3H6 : 10130400256
C5H8 : 73872000
CH3OH : 119663976448
HCHO : 231120000
MEK : 86831988736
NC4H10 : 475199995904
OXYL : 105839976448
BUT1ENE : 91151998976
CH2CL2 : 8596797440
CH3COCH3 : 50327994368
CH3OH : 429840072704
DIME35EB : 11923200000
EBENZ : 753840000
ETHACET : 53783990272
ETHGLY : 75600003072
IPBENZ : 2138400000
MEK : 406080000
METHTOL : 2138400000
MIBK : 1620000000
MIBKAOH : 349920000
MXYL : 2289600000
NBUTACET : 22031994880
NBUTOL : 4924800000
NC10H22 : 50544005120
NC11H24 : 28080005120
NC12H26 : 7041598464
NC9H20 : 34344005632
OXYL : 1136160000
PBENZ : 2138400000
PETHTOL : 2138400000
PXYL : 1136160000
STYRENE : 46440005632
TCE : 8445598208
TM123B : 2138400000
TM124B : 2138400000
TM135B : 2138400000
TOLUENE : 19159199744
TRICLETH : 2786400256
APINENE : 3779999232
BENZENE : 939600000
BPINENE : 898560000
BUT1ENE : 95472001024
CH2CL2 : 7776000000
CH3COCH3 : 69551988736
CH3OH : 210816040960
DIME35EB : 17042397184
EBENZ : 1077840000
ETHACET : 43415994368
ETHGLY : 14191201280
IPBENZ : 3067200000
LIMONENE : 898560000
MEK : 732240000
METHTOL : 3067200000
MIBK : 7322398720
MXYL : 2462400000
NBUTACET : 7581598720
NBUTOL : 1980720384
NC10H22 : 72359993344
NC11H24 : 40176005120
NC12H26 : 10065602560
NC9H20 : 49031999488
OXYL : 1423439872
PBENZ : 3067200000
PETHTOL : 3067200000
PXYL : 1423439872
STYRENE : 29376000000
TCE : 9741599744
TM123B : 3067200000
TM124B : 3067200000
TM135B : 3067200000
TOLUENE : 31968006144
TRICLETH : 8380800000
ACR : 2332800000
BENZENE : 25056006144
BUOX2ETOH : 7646401536
BUT2OL : 1015200000
C2H2 : 55296000000
C2H4 : 121391980544
C2H5CHO : 2246400000
C2H5OH : 19180797952
C2H6 : 102384001024
C3H6 : 37368000512
C3H7CHO : 1816560384
C3H8 : 81648001024
C4ALDB : 1868400384
C4H9CHO : 1520640000
C6H5CH2OH : 261360000
CH2CL2 : 771120000
CH3CCL3 : 540000000
CH3CHO : 2980800000
CH3CO2H : 13089597440
CH3COCH3 : 10022400000
CH3OCH3 : 779760000
CH3OH : 18770399232
CHEX : 3520799232
CYHEXONE : 237600000
DIME35EB : 5529600000
EBENZ : 4406400000
EOX2EOL : 797040000
ETHACET : 5205601280
ETHGLY : 453600000
HCHO : 10908001280
HCOOH : 17085598720
IBUTOL : 635040000
IC4H10 : 5335198720
IC5H12 : 28512006144
IPBENZ : 3564000768
IPRCHO : 1816560384
IPROACET : 30671994880
IPROPOL : 2505600000
LIMONENE : 18273597440
M2HEX : 2224800000
M2PE : 3434399232
M3HEX : 2224800000
M3PE : 3434399232
MACR : 1868400384
MEK : 4838400000
METHTOL : 974160000
MIBK : 2894400000
MIBKAOH : 324000000
MO2EOL : 943920000
MXYL : 14817597440
NBUTACET : 3650400768
NBUTOL : 1520640000
NC10H22 : 30239993856
NC11H24 : 12312002560
NC12H26 : 1883520000
NC4H10 : 117504000000
NC5H12 : 28512006144
NC6H14 : 16329603072
NC7H16 : 5918400512
NC8H18 : 648000000
NC9H20 : 15595203584
NEOP : 28512006144
NPROACET : 481680000
NPROPOL : 1563840000
OXYL : 3693599232
PBENZ : 974160000
PETHTOL : 324000000
PR2OHMOX : 1594080000
PROPACID : 10605599744
PROPGLY : 905040000
PXYL : 3693599232
STYRENE : 1125360000
TCE : 295920000
TM123B : 706320000
TM124B : 2397599744
TM135B : 706320000
TOLUENE : 34775994368
TRICLETH : 1220400128
BUOX2ETOH : 20455202816
BUT2OL : 2894400000
C2H5OH : 54648000512
C3H8 : 13456798720
C6H5CH2OH : 743040000
CH2CL2 : 18057605120
CH3CCL3 : 12657602560
CH3COCH3 : 53783990272
CH3OCH3 : 2084400384
CH3OH : 53352009728
CHEX : 6004798464
CYHEXONE : 1270080000
DIME35EB : 1855439616
EBENZ : 1481760000
EOX2EOL : 2131919616
ETHACET : 42336010240
ETHGLY : 1293839872
IBUTOL : 1805760000
IC4H10 : 2268000000
IPBENZ : 1198799872
IPROACET : 10432799744
IPROPOL : 7128001536
LIMONENE : 2894400000
M2HEX : 3779999232
M2PE : 5853598720
M3HEX : 3779999232
M3PE : 5853598720
MEK : 25920000000
METHTOL : 326160000
MIBK : 15573601280
MIBKAOH : 922320000
MO2EOL : 2527200256
MXYL : 32616005632
NBUTACET : 29591996416
NBUTOL : 4341601280
NC10H22 : 51408003072
NC11H24 : 20995194880
NC12H26 : 1481760000
NC4H10 : 49896005632
NC6H14 : 27863996416
NC7H16 : 10087199744
NC8H18 : 1105920000
NC9H20 : 26567997440
NPROACET : 3909600768
NPROPOL : 4449600000
OXYL : 8143201792
PBENZ : 326160000
PETHTOL : 109080000
PR2OHMOX : 4255200768
PROPGLY : 2570399744
PXYL : 8143201792
STYRENE : 378000000
TCE : 6933601280
TM123B : 544320000
TM124B : 1853280000
TM135B : 544320000
TOLUENE : 56160010240
TRICLETH : 28512006144
BENZENE : 52056
BUOX2ETOH : 17820000256
BUT2OL : 7992001536
C2H2 : 637200
C2H5OH : 146015977472
C2H6 : 637200
C3H6 : 19699.203125
C3H8 : 13996800000
C6H5CH2OH : 2054159616
CH2CL2 : 19483199488
CH3CCL3 : 12203999232
CH3COCH3 : 64368005120
CH3OCH3 : 1607040000
CH3OH : 149472002048
CHEX : 3520799232
CYHEXONE : 1507680000
DIME35EB : 8812800000
EBENZ : 6847201280
EOX2EOL : 1641600000
ETHACET : 12506400768
ETHGLY : 3585600000
HCHO : 136512000
IBUTOL : 4989598720
IC4H10 : 2786400256
IC5H12 : 110808000
IPBENZ : 3542400000
IPROACET : 5788800000
IPROPOL : 21103200256
LIMONENE : 3801600000
M2HEX : 1313280000
M2PE : 2289600000
M3HEX : 2224800000
M3PE : 3434399232
MEK : 26135996416
METHTOL : 1846799616
MIBK : 9374402560
MIBKAOH : 2548800000
MO2EOL : 1946160384
MXYL : 17820000256
NBUTACET : 20541601792
NBUTOL : 8380800000
NC10H22 : 29376000000
NC11H24 : 12549599232
NC12H26 : 1883520000
NC4H10 : 54216011776
NC5H12 : 987120000
NC6H14 : 7387198464
NC7H16 : 5378401280
NC8H18 : 2462400000
NC9H20 : 17107200000
NPROACET : 2181600000
NPROPOL : 9417601024
OXYL : 4492800000
PBENZ : 1846799616
PETHTOL : 615600000
PR2OHMOX : 5011200000
PROPGLY : 7128001536
PXYL : 4816798720
STYRENE : 2131919616
TCE : 5724001280
TM123B : 2483999744
TM124B : 7149598720
TM135B : 2462400000
TOLUENE : 19008000000
TRICLETH : 20584798208
BUOX2ETOH : 17042397184
BUT2OL : 8575201792
C2H5OH : 142776025088
C3H8 : 39528005632
C6H5CH2OH : 2203200000
CH2CL2 : 15119996928
CH3CCL3 : 14191201280
CH3COCH3 : 22464000000
CH3OCH3 : 1723680000
CH3OH : 13802398720
CHEX : 3779999232
CYHEXONE : 1620000000
DIME35EB : 11253601280
EBENZ : 7106401280
EOX2EOL : 1762560000
ETHACET : 19547998208
ETHGLY : 3844800000
IBUTOL : 5356800000
IC4H10 : 2743199744
IPBENZ : 7279201280
IPROACET : 6220800000
IPROPOL : 20779202560
LIMONENE : 3499200000
M2HEX : 2376000000
M2PE : 734400000
M3HEX : 2376000000
M3PE : 665280000
MEK : 21124802560
METHTOL : 2097359616
MIBK : 8726400000
MIBKAOH : 2743199744
MO2EOL : 1043280000
MXYL : 18964797440
NBUTACET : 17496002560
NBUTOL : 13607997440
NC10H22 : 28512006144
NC11H24 : 14904002560
NC12H26 : 2021760000
NC4H10 : 30023997440
NC5H12 : 30239993856
NC6H14 : 10238402560
NC7H16 : 3585600000
NC8H18 : 1207439872
NC9H20 : 19396802560
NPROACET : 2332800000
NPROPOL : 19267194880
OXYL : 4816798720
PBENZ : 1982880000
PETHTOL : 1084320000
PR2OHMOX : 3520799232
PROPGLY : 7667998720
PXYL : 4665600000
STYRENE : 2289600000
TCE : 5529600000
TM124B : 7905598464
TM135B : 3024000000
TOLUENE : 45144002560
TRICLETH : 25056006144
